<?xml version="1.0" encoding="utf-8"?>
<baseline version="1.0">
    <file name="src/test/resources/TestBaselineFile.kt">
        <error line="1" column="24" source="no-empty-class-body" />
        <error line="2" column="1" source="no-blank-line-before-rbrace" />
    </file>
    <file name="src/test/resources/TestBaselineExtraErrorFile.kt">
        <error line="1" column="34" source="no-empty-class-body" />
    </file>
    <file name="ktlint/build/resources/test/cli/editorconfig-path/project/src/main/kotlin/example/Foo.kt">
        <error line="1" column="1" source="max-line-length" />
    </file>
    <file name="ktlint/build/resources/test/cli/editorconfig-path/project/src/main/kotlin/filename-example/foobar2.kt">
        <error line="1" column="1" source="filename" />
    </file>
    <file name="ktlint/build/resources/test/cli/editorconfig-path/project/src/test/kotlin/example/FooTest.kt">
        <error line="1" column="1" source="max-line-length" />
    </file>
</baseline>
