<?xml version="1.0" encoding="utf-8"?>
<baseline version="1.0">
    <file name="src/test/resources/TestBaselineFile._kt">
        <error line="3" column="24" source="no-empty-class-body" />
        <error line="4" column="1" source="no-blank-line-before-rbrace" />
    </file>
    <file name="src/test/resources/`TestBaselineExtraErrorFile._kt`.kt">
        <error line="3" column="24" source="no-empty-class-body" />
    </file>
</baseline>
