<?xml version="1.0" encoding="utf-8"?>
<baseline version="1.0">
    <file name="TestBaselineFile.kt.test">
        <error line="1" column="24" source="no-empty-class-body" />
        <error line="2" column="1" source="no-blank-line-before-rbrace" />
    </file>
    <file name="TestBaselineExtraErrorFile.kt.test">
        <error line="1" column="34" source="no-empty-class-body" />
    </file>
    <file name="some/path/to/TestBaselineFile2.kt.test">
        <error line="1" column="25" source="no-empty-class-body" />
        <error line="2" column="1" source="no-blank-line-before-rbrace" />
    </file>
    <file name="some/path/to/TestBaselineExtraErrorFile2.kt.test">
        <error line="1" column="35" source="no-empty-class-body" />
    </file>
</baseline>
