<?xml version="1.0" encoding="utf-8"?>
<baseline version="1.0">
    <file name="TestBaselineExtraErrorFile.kt.test">
        <error line="2" column="34" source="no-empty-class-body" />
    </file>
    <file name="TestBaselineFile.kt.test">
        <error line="1" column="24" source="no-empty-class-body" />
    </file>
    <file name="some/path/to/TestBaselineExtraErrorFile.kt.test">
        <error line="2" column="34" source="no-empty-class-body" />
    </file>
    <file name="some/path/to/TestBaselineFile.kt.test">
        <error line="1" column="24" source="no-empty-class-body" />
    </file>
</baseline>
