<?xml version="1.0" encoding="utf-8"?>
<baseline version="1.0">
    <file name="src/test/resources/cli/baseline/TestBaselineFile.kt.test">
        <error line="1" column="24" source="no-empty-class-body" />
        <error line="2" column="1" source="no-blank-line-before-rbrace" />
    </file>
    <file name="src/test/resources/cli/baseline/TestBaselineExtraErrorFile.kt.test">
        <error line="1" column="34" source="no-empty-class-body" />
    </file>
</baseline>
